1508513000656 - "I am ready!"
1508513008162 - "I am ready!"
1508513116128 - "I am ready!"
1508513120023 - "f"
1508513120332 - "yes!"
1508513123053 - "adfsafdsafdsafsa"
1508513123294 - "yes!"
1508513127781 - "fdasf"
1508513127984 - "yes!"
1508513129220 - "k"
1508513129423 - "yes!"
1508513159445 - "I am ready!"
1508513204631 - "I am ready!"
1508513206906 - "Kalium"
1508513206906 - "235846631134593028"
1508513206907 - "pong"
1508513208706 - "Eva"
1508513208706 - "369921547860705312"
1508513208706 - "kl;"
1508513211123 - "Eva"
1508513211123 - "369921547860705312"
1508513211123 - "yes!"
1508513214532 - "Kalium"
1508513214533 - "235846631134593028"
1508513214533 - "yes"
1508513218757 - "Eva"
1508513218757 - "369921547860705312"
1508513218758 - "yes!"
1508513241366 - "I am ready!"
1508513243431 - "Kalium"
1508513243432 - "235846631134593028"
1508513243432 - "ping"
1508513244633 - "Eva"
1508513244634 - "369921547860705312"
1508513244634 - "pong"
1508513247176 - "Kalium"
1508513247176 - "235846631134593028"
1508513247176 - "wat"
1508513247662 - "Eva"
1508513247662 - "369921547860705312"
1508513247662 - "yes!"
1508513251426 - "Eva"
1508513251426 - "369921547860705312"
1508513251426 - "yes!"
1508513254183 - "Kalium"
1508513254183 - "235846631134593028"
1508513254183 - "gg"
1508513258412 - "Eva"
1508513258412 - "369921547860705312"
1508513258412 - "yes!"
1508513452641 - "I am ready!"
1508513455853 - "Kalium"
1508513455854 - "235846631134593028"
1508513455854 - "l"
1508513457522 - "Eva"
1508513457522 - "369921547860705312"
1508513457523 - "l"
1508513459040 - "Kalium"
1508513459040 - "235846631134593028"
1508513459040 - ";"
1508513460112 - "Eva"
1508513460112 - "369921547860705312"
1508513460112 - "yes!"
1508513460395 - "Eva"
1508513460395 - "369921547860705312"
1508513460395 - "yes!"
1508513460743 - "Eva"
1508513460743 - "369921547860705312"
1508513460743 - "yes!"
1508513461853 - "Eva"
1508513461853 - "369921547860705312"
1508513461853 - "yes!"
1508513463490 - "Kalium"
1508513463490 - "235846631134593028"
1508513463490 - "l"
1508513463793 - "Eva"
1508513463793 - "369921547860705312"
1508513463793 - "yes!"
1508513464031 - "Eva"
1508513464032 - "369921547860705312"
1508513464032 - "yes!"
1508513464240 - "Eva"
1508513464240 - "369921547860705312"
1508513464241 - "yes!"
1508513464450 - "Eva"
1508513464451 - "369921547860705312"
1508513464451 - "yes!"
1508513465462 - "Kalium"
1508513465462 - "235846631134593028"
1508513465462 - "l"
1508513467745 - "Eva"
1508513467745 - "369921547860705312"
1508513467745 - "yes!"
1508513470465 - "Eva"
1508513470465 - "369921547860705312"
1508513470465 - "yes!"
1508513470700 - "Eva"
1508513470700 - "369921547860705312"
1508513470700 - "yes!"
1508513470928 - "Eva"
1508513470928 - "369921547860705312"
1508513470928 - "yes!"
1508513471159 - "Eva"
1508513471159 - "369921547860705312"
1508513471159 - "yes!"
1508513471376 - "Eva"
1508513471376 - "369921547860705312"
1508513471376 - "yes!"
1508513477103 - "Eva"
1508513477103 - "369921547860705312"
1508513477103 - "yes!"
1508513477354 - "Eva"
1508513477355 - "369921547860705312"
1508513477355 - "yes!"
1508513568239 - "I am ready!"
1508513570115 - "Kalium"
1508513570115 - "235846631134593028"
1508513570115 - "l"
1508513570580 - "Eva"
1508513570580 - "369921547860705312"
1508513570580 - "l"
1508513572249 - "Kalium"
1508513572249 - "235846631134593028"
1508513572249 - "l"
1508513574344 - "Eva"
1508513574344 - "369921547860705312"
1508513574344 - "yes!"
1508513576479 - "Eva"
1508513576480 - "369921547860705312"
1508513576480 - "yes!"
1508513588311 - "I am ready!"
1508513589931 - "Kalium"
1508513589931 - "235846631134593028"
1508513589931 - "h"
1508513594149 - "Eva"
1508513594149 - "369921547860705312"
1508513594149 - "yes!"
1508513595941 - "Kalium"
1508513595942 - "235846631134593028"
1508513595942 - "lll"
1508513596522 - "Kalium"
1508513596522 - "235846631134593028"
1508513596522 - "ll"
1508513597903 - "Kalium"
1508513597904 - "235846631134593028"
1508513597904 - "lll"
1508513600159 - "Eva"
1508513600159 - "369921547860705312"
1508513600159 - "yes!"
1508513600761 - "Eva"
1508513600762 - "369921547860705312"
1508513600762 - "yes!"
1508513602128 - "Eva"
1508513602129 - "369921547860705312"
1508513602129 - "yes!"
1508513604115 - "Kalium"
1508513604116 - "235846631134593028"
1508513604116 - "l"
1508513608524 - "Eva"
1508513608524 - "369921547860705312"
1508513608524 - "yes!"
1508513692345 - "I am ready!"
1508513692937 - "0"
1508513694216 - "0"
1508513901688 - "I am ready!"
1508513914472 - "Kalium"
1508513914473 - "235846631134593028"
1508513914473 - "yers"
1508513918076 - "Eva"
1508513918076 - "369921547860705312"
1508513918076 - "no"
1508513918707 - "Eva"
1508513918707 - "369921547860705312"
1508513918707 - "yes!"
1508513923889 - "Kalium"
1508513923889 - "235846631134593028"
1508513923889 - "gre]"
1508513924746 - "Kalium"
1508513924746 - "235846631134593028"
1508513924746 - "\\"
1508513928136 - "Eva"
1508513928136 - "369921547860705312"
1508513928136 - "yes!"
1508513928969 - "Eva"
1508513928969 - "369921547860705312"
1508513928970 - "yes!"
1508514046754 - "I am ready!"
1508514047637 - "user: Kalium, ID: 235846631134593028"
1508514047637 - "ht"
1508514051888 - "user: Eva, ID: 369921547860705312"
1508514051888 - "yes!"
